
  C:\Users\2318604\eclipse-workspace\Featured_News\testng.xml

[INFO ] 2024-03-29 11:55:37.887 [main] TC_001_UserInfoTest - **** Starting TC_001_UserInfoTest  ****
[INFO ] 2024-03-29 11:55:49.003 [main] TC_001_UserInfoTest - **** Finished TC_001_UserInfoTest  ****
[INFO ] 2024-03-29 11:55:49.027 [main] TC_001_UserInfoTest - **** Starting TC_002_CheckTitleTest ****
[INFO ] 2024-03-29 11:55:50.510 [main] TC_001_UserInfoTest - **** Finished TC_002_CheckTitleTest ****
[INFO ] 2024-03-29 11:55:50.514 [main] TC_001_UserInfoTest - **** Starting TC_003_AuthorInfoTest ****
[INFO ] 2024-03-29 11:56:00.787 [main] TC_001_UserInfoTest - **** Finished TC_003_AuthorInfoTest ****
[INFO ] 2024-03-29 11:56:00.790 [main] TC_001_UserInfoTest - **** Starting TC_004_ShareOptionTest ****
[INFO ] 2024-03-29 11:56:01.082 [main] TC_001_UserInfoTest - **** Starting TC_004_ShareOptionTest ****
[INFO ] 2024-03-29 11:56:01.087 [main] TC_001_UserInfoTest - **** Starting TC_005_NewsLetterTest ****
[INFO ] 2024-03-29 11:56:01.462 [main] TC_001_UserInfoTest - **** Finished TC_005_NewsLetterTest ****
[INFO ] 2024-03-29 11:56:01.465 [main] TC_001_UserInfoTest - **** Starting TC_007_LikesAndViewsTest ****
[INFO ] 2024-03-29 11:56:04.963 [main] TC_001_UserInfoTest - **** Finished TC_007_LikesAndViewsTest ****
[INFO ] 2024-03-29 11:56:04.967 [main] TC_001_UserInfoTest - **** Starting TC_006_LinksActiveTest ****
[INFO ] 2024-03-29 11:56:09.000 [main] TC_001_UserInfoTest - **** Finished TC_006_LinksActiveTest ****
[INFO ] 2024-03-29 11:56:30.979 [main] TC_001_UserInfoTest - **** Starting TC_001_UserInfoTest  ****
[INFO ] 2024-03-29 11:56:41.599 [main] TC_001_UserInfoTest - **** Finished TC_001_UserInfoTest  ****
[INFO ] 2024-03-29 11:56:41.603 [main] TC_001_UserInfoTest - **** Starting TC_002_CheckTitleTest ****
[INFO ] 2024-03-29 11:56:44.307 [main] TC_001_UserInfoTest - **** Finished TC_002_CheckTitleTest ****
[INFO ] 2024-03-29 11:56:44.309 [main] TC_001_UserInfoTest - **** Starting TC_003_AuthorInfoTest ****
[INFO ] 2024-03-29 11:56:54.546 [main] TC_001_UserInfoTest - **** Finished TC_003_AuthorInfoTest ****
[INFO ] 2024-03-29 11:56:54.549 [main] TC_001_UserInfoTest - **** Starting TC_004_ShareOptionTest ****
[INFO ] 2024-03-29 11:56:54.922 [main] TC_001_UserInfoTest - **** Starting TC_004_ShareOptionTest ****
[INFO ] 2024-03-29 11:56:54.925 [main] TC_001_UserInfoTest - **** Starting TC_005_NewsLetterTest ****
[INFO ] 2024-03-29 11:56:55.141 [main] TC_001_UserInfoTest - **** Finished TC_005_NewsLetterTest ****
[INFO ] 2024-03-29 11:56:55.143 [main] TC_001_UserInfoTest - **** Starting TC_007_LikesAndViewsTest ****
[INFO ] 2024-03-29 11:56:58.861 [main] TC_001_UserInfoTest - **** Finished TC_007_LikesAndViewsTest ****
[INFO ] 2024-03-29 11:56:58.866 [main] TC_001_UserInfoTest - **** Starting TC_006_LinksActiveTest ****
[INFO ] 2024-03-29 11:56:59.378 [main] TC_001_UserInfoTest - **** Finished TC_006_LinksActiveTest ****
[INFO ] 2024-03-29 11:57:20.321 [main] TC_001_UserInfoTest - **** Starting TC_001_UserInfoTest  ****
[INFO ] 2024-03-29 11:57:31.216 [main] TC_001_UserInfoTest - **** Finished TC_001_UserInfoTest  ****
[INFO ] 2024-03-29 11:57:31.220 [main] TC_001_UserInfoTest - **** Starting TC_002_CheckTitleTest ****
[INFO ] 2024-03-29 11:57:32.730 [main] TC_001_UserInfoTest - **** Finished TC_002_CheckTitleTest ****
[INFO ] 2024-03-29 11:57:32.734 [main] TC_001_UserInfoTest - **** Starting TC_003_AuthorInfoTest ****
[INFO ] 2024-03-29 11:57:42.951 [main] TC_001_UserInfoTest - **** Finished TC_003_AuthorInfoTest ****
[INFO ] 2024-03-29 11:57:42.953 [main] TC_001_UserInfoTest - **** Starting TC_004_ShareOptionTest ****
[INFO ] 2024-03-29 11:57:43.181 [main] TC_001_UserInfoTest - **** Starting TC_004_ShareOptionTest ****
[INFO ] 2024-03-29 11:57:43.183 [main] TC_001_UserInfoTest - **** Starting TC_005_NewsLetterTest ****
[INFO ] 2024-03-29 11:57:43.338 [main] TC_001_UserInfoTest - **** Finished TC_005_NewsLetterTest ****
[INFO ] 2024-03-29 11:57:43.339 [main] TC_001_UserInfoTest - **** Starting TC_007_LikesAndViewsTest ****
[INFO ] 2024-03-29 11:57:47.549 [main] TC_001_UserInfoTest - **** Finished TC_007_LikesAndViewsTest ****
[INFO ] 2024-03-29 11:57:47.551 [main] TC_001_UserInfoTest - **** Starting TC_006_LinksActiveTest ****
[INFO ] 2024-03-29 11:57:49.467 [main] TC_001_UserInfoTest - **** Finished TC_006_LinksActiveTest ****
[INFO ] 2024-03-29 11:58:07.122 [main] TC_001_UserInfoTest - **** Starting TC_001_UserInfoTest  ****
[INFO ] 2024-03-29 11:58:18.266 [main] TC_001_UserInfoTest - **** Finished TC_001_UserInfoTest  ****
[INFO ] 2024-03-29 11:58:18.269 [main] TC_001_UserInfoTest - **** Starting TC_002_CheckTitleTest ****
[INFO ] 2024-03-29 11:58:19.718 [main] TC_001_UserInfoTest - **** Finished TC_002_CheckTitleTest ****
[INFO ] 2024-03-29 11:58:19.721 [main] TC_001_UserInfoTest - **** Starting TC_003_AuthorInfoTest ****
[INFO ] 2024-03-29 11:58:29.941 [main] TC_001_UserInfoTest - **** Finished TC_003_AuthorInfoTest ****
[INFO ] 2024-03-29 11:58:29.944 [main] TC_001_UserInfoTest - **** Starting TC_004_ShareOptionTest ****
[INFO ] 2024-03-29 11:58:30.249 [main] TC_001_UserInfoTest - **** Starting TC_004_ShareOptionTest ****
[INFO ] 2024-03-29 11:58:30.251 [main] TC_001_UserInfoTest - **** Starting TC_005_NewsLetterTest ****
[INFO ] 2024-03-29 11:58:30.435 [main] TC_001_UserInfoTest - **** Finished TC_005_NewsLetterTest ****
[INFO ] 2024-03-29 11:58:30.439 [main] TC_001_UserInfoTest - **** Starting TC_007_LikesAndViewsTest ****
[INFO ] 2024-03-29 11:58:34.568 [main] TC_001_UserInfoTest - **** Finished TC_007_LikesAndViewsTest ****
[INFO ] 2024-03-29 11:58:34.570 [main] TC_001_UserInfoTest - **** Starting TC_006_LinksActiveTest ****
[INFO ] 2024-03-29 11:58:37.605 [main] TC_001_UserInfoTest - **** Finished TC_006_LinksActiveTest ****
